<?xml version="1.0" encoding="UTF-8"?>
<testsuite xmlns:xsi="http://www.w3.org/2001/XMLSchema-instance" xsi:noNamespaceSchemaLocation="https://maven.apache.org/surefire/maven-surefire-plugin/xsd/surefire-test-report.xsd" version="3.0.2" name="LRUCacheTest" time="0.022" tests="2" errors="0" skipped="0" failures="0">
  <properties>
[...]
</properties>
  <testcase name="shouldPutAndGetValue" classname="LRUCacheTest" time="0.01"/>
  <testcase name="shouldRemoveLeastRecentlyUsedEntry" classname="LRUCacheTest" time="0.003">
    <system-out><![CDATA[已按照LRU策略移除最早的任务：B
]]></system-out>
  </testcase>
</testsuite>